GROUP,PACKAGE,CLASS,INSTRUCTION_MISSED,INSTRUCTION_COVERED,BRANCH_MISSED,BRANCH_COVERED,LINE_MISSED,LINE_COVERED,COMPLEXITY_MISSED,COMPLEXITY_COVERED,METHOD_MISSED,METHOD_COVERED
hertzbeat-collector,org.dromara.hertzbeat.collector.collect.http,SslCertificateCollectImpl,342,0,44,0,86,0,27,0,5,0
hertzbeat-collector,org.dromara.hertzbeat.collector.collect.http,HttpCollectImpl,1514,0,196,0,351,0,115,0,17,0
hertzbeat-collector,org.dromara.hertzbeat.collector.collect.prometheus,PrometheusAutoCollectImpl,767,0,76,0,172,0,48,0,10,0
hertzbeat-collector,org.dromara.hertzbeat.collector.collect.prometheus,PrometheusAutoCollectImpl.SingleInstance,5,0,0,0,1,0,1,0,1,0
hertzbeat-collector,org.dromara.hertzbeat.collector.collect.prometheus.parser,MetricFamily.Label,115,0,22,0,3,0,20,0,9,0
hertzbeat-collector,org.dromara.hertzbeat.collector.collect.prometheus.parser,MetricFamily.Metric,138,0,18,0,4,0,20,0,11,0
hertzbeat-collector,org.dromara.hertzbeat.collector.collect.prometheus.parser,TextParser,472,0,90,0,127,0,65,0,18,0
hertzbeat-collector,org.dromara.hertzbeat.collector.collect.prometheus.parser,MetricFamily,115,0,22,0,4,0,20,0,9,0
hertzbeat-collector,org.dromara.hertzbeat.collector.collect.http.promethus.exporter,MetricType,2,79,1,3,1,14,1,5,0,4
hertzbeat-collector,org.dromara.hertzbeat.collector.collect.http.promethus.exporter,ExporterParser,212,683,63,98,44,183,55,55,0,24
hertzbeat-collector,org.dromara.hertzbeat.collector.collect.http.promethus.exporter,MetricFamily.Counter,60,7,8,0,1,1,9,2,5,2
hertzbeat-collector,org.dromara.hertzbeat.collector.collect.http.promethus.exporter,MetricFamily.Summary,132,11,18,0,2,2,18,2,9,2
hertzbeat-collector,org.dromara.hertzbeat.collector.collect.http.promethus.exporter,MetricFamily.Untyped,67,0,8,0,2,0,11,0,7,0
hertzbeat-collector,org.dromara.hertzbeat.collector.collect.http.promethus.exporter,MetricFamily.Quantile,88,11,10,0,2,1,11,3,6,3
hertzbeat-collector,org.dromara.hertzbeat.collector.collect.http.promethus.exporter,MetricFamily.Label,101,14,22,0,1,2,16,4,5,4
hertzbeat-collector,org.dromara.hertzbeat.collector.collect.http.promethus.exporter,MetricFamily.Histogram,143,0,18,0,4,0,20,0,11,0
hertzbeat-collector,org.dromara.hertzbeat.collector.collect.http.promethus.exporter,MetricFamily.Bucket,98,0,10,0,3,0,14,0,9,0
hertzbeat-collector,org.dromara.hertzbeat.collector.collect.http.promethus.exporter,MetricFamily.Gauge,60,7,8,0,1,1,9,2,5,2
hertzbeat-collector,org.dromara.hertzbeat.collector.collect.http.promethus.exporter,MetricFamily.Metric,326,29,70,0,6,3,48,8,13,8
hertzbeat-collector,org.dromara.hertzbeat.collector.collect.http.promethus.exporter,MetricFamily,170,25,38,0,3,3,25,7,6,7
hertzbeat-collector,org.dromara.hertzbeat.collector.collect.http.promethus.exporter,MetricFamily.Info,60,7,8,0,1,1,9,2,5,2
hertzbeat-collector,org.dromara.hertzbeat.collector.collect.telnet,TelnetCollectImpl,266,0,20,0,71,0,19,0,9,0
hertzbeat-collector,org.dromara.hertzbeat.collector.dispatch.unit,TimeLengthUnit,0,76,0,0,0,14,0,4,0,4
hertzbeat-collector,org.dromara.hertzbeat.collector.dispatch.unit,DataUnit,100,0,0,0,17,0,4,0,4,0
hertzbeat-collector,org.dromara.hertzbeat.collector.util,CollectUtil.new TypeReference() {...},3,0,0,0,1,0,1,0,1,0
hertzbeat-collector,org.dromara.hertzbeat.collector.util,CollectUtil.new TypeReference() {...},3,0,0,0,1,0,1,0,1,0
hertzbeat-collector,org.dromara.hertzbeat.collector.util,CollectUtil.DoubleAndUnit,0,17,0,0,0,7,0,5,0,5
hertzbeat-collector,org.dromara.hertzbeat.collector.util,JsonPathParser,26,46,12,4,5,8,10,2,2,2
hertzbeat-collector,org.dromara.hertzbeat.collector.util,PrivateKeyUtils,25,43,3,3,4,9,4,2,1,2
hertzbeat-collector,org.dromara.hertzbeat.collector.util,CollectUtil,396,422,72,54,95,112,52,28,7,10
hertzbeat-collector,org.dromara.hertzbeat.collector.collect.ftp,FtpCollectImpl,240,0,14,0,67,0,16,0,9,0
hertzbeat-collector,org.dromara.hertzbeat.collector.collect.ftp,FtpCollectImpl.new HashMap() {...},26,0,0,0,4,0,1,0,1,0
hertzbeat-collector,org.dromara.hertzbeat.collector.config,CollectorAutoConfiguration,3,0,0,0,1,0,1,0,1,0
hertzbeat-collector,org.dromara.hertzbeat.collector.collect.http.promethus,PrometheusLastParser,32,0,2,0,9,0,5,0,4,0
hertzbeat-collector,org.dromara.hertzbeat.collector.collect.http.promethus,AbstractPrometheusParse,28,0,2,0,8,0,4,0,3,0
hertzbeat-collector,org.dromara.hertzbeat.collector.collect.http.promethus,PrometheusMatrixParser,168,0,30,0,43,0,18,0,3,0
hertzbeat-collector,org.dromara.hertzbeat.collector.collect.http.promethus,PrometheusParseCreater,26,0,0,0,8,0,5,0,5,0
hertzbeat-collector,org.dromara.hertzbeat.collector.collect.http.promethus,PrometheusVectorParser,158,0,28,0,41,0,17,0,3,0
hertzbeat-collector,org.dromara.hertzbeat.collector.collect.http.promethus,ParseException,4,0,0,0,2,0,1,0,1,0
hertzbeat-collector,org.dromara.hertzbeat.collector.collect.push,PushCollectImpl,340,0,20,0,76,0,17,0,7,0
hertzbeat-collector,org.dromara.hertzbeat.collector.collect.push,PushCollectImpl.new TypeReference() {...},6,0,0,0,1,0,1,0,1,0
hertzbeat-collector,org.dromara.hertzbeat.collector.dispatch.unit.impl,DataSizeConvert,103,0,18,0,16,0,12,0,3,0
hertzbeat-collector,org.dromara.hertzbeat.collector.dispatch.unit.impl,TimeLengthConvert,36,67,10,8,7,9,7,5,1,2
hertzbeat-collector,org.dromara.hertzbeat.collector.dispatch.entrance.processor,GoOfflineProcessor,47,0,4,0,15,0,5,0,3,0
hertzbeat-collector,org.dromara.hertzbeat.collector.dispatch.entrance.processor,DeleteCyclicTaskProcessor.new TypeReference() {...},6,0,0,0,1,0,1,0,1,0
hertzbeat-collector,org.dromara.hertzbeat.collector.dispatch.entrance.processor,CollectCyclicDataProcessor,30,0,2,0,10,0,4,0,3,0
hertzbeat-collector,org.dromara.hertzbeat.collector.dispatch.entrance.processor,GoOnlineProcessor,32,0,2,0,11,0,4,0,3,0
hertzbeat-collector,org.dromara.hertzbeat.collector.dispatch.entrance.processor,HeartbeatProcessor,14,0,0,0,4,0,3,0,3,0
hertzbeat-collector,org.dromara.hertzbeat.collector.dispatch.entrance.processor,GoCloseProcessor,51,0,4,0,14,0,6,0,4,0
hertzbeat-collector,org.dromara.hertzbeat.collector.dispatch.entrance.processor,CollectOneTimeDataProcessor,19,0,0,0,6,0,2,0,2,0
hertzbeat-collector,org.dromara.hertzbeat.collector.dispatch.entrance.processor,DeleteCyclicTaskProcessor,49,0,6,0,13,0,6,0,3,0
hertzbeat-collector,org.dromara.hertzbeat.collector.collect.smtp,SmtpCollectImpl,252,0,16,0,70,0,13,0,5,0
hertzbeat-collector,org.dromara.hertzbeat.collector.collect.dns,DnsCollectImpl.DNSResolveResult,279,0,51,0,15,0,45,0,18,0
hertzbeat-collector,org.dromara.hertzbeat.collector.collect.dns,DnsCollectImpl.DNSResolveResult.DNSResolveResultBuilder,54,0,0,0,1,0,8,0,8,0
hertzbeat-collector,org.dromara.hertzbeat.collector.collect.dns,DnsCollectImpl,280,30,13,3,60,7,15,4,7,4
hertzbeat-collector,org.dromara.hertzbeat.collector.collect.ntp,NtpCollectImpl,266,0,8,0,71,0,9,0,5,0
hertzbeat-collector,org.dromara.hertzbeat.collector.collect.nginx,NginxCollectImpl.ReqSatusResponse.ReqSatusResponseBuilder,81,0,0,0,1,0,11,0,11,0
hertzbeat-collector,org.dromara.hertzbeat.collector.collect.nginx,NginxCollectImpl.ReqSatusResponse,424,0,72,0,17,0,60,0,24,0
hertzbeat-collector,org.dromara.hertzbeat.collector.collect.nginx,NginxCollectImpl,411,161,45,9,91,43,33,6,6,6
hertzbeat-collector,org.dromara.hertzbeat.collector.collect.common.cache,CacheIdentifier.CacheIdentifierBuilder,10,35,0,0,0,1,1,6,1,6
hertzbeat-collector,org.dromara.hertzbeat.collector.collect.common.cache,CacheIdentifier,116,104,34,4,0,8,25,8,6,8
hertzbeat-collector,org.dromara.hertzbeat.collector.collect.common.cache,RedisConnect,28,0,2,0,11,0,5,0,4,0
hertzbeat-collector,org.dromara.hertzbeat.collector.collect.common.cache,SshConnect,27,0,2,0,11,0,5,0,4,0
hertzbeat-collector,org.dromara.hertzbeat.collector.collect.common.cache,JmxConnect,27,0,2,0,11,0,5,0,4,0
hertzbeat-collector,org.dromara.hertzbeat.collector.collect.common.cache,CommonCache,305,80,31,1,70,19,26,6,10,6
hertzbeat-collector,org.dromara.hertzbeat.collector.collect.common.cache,JdbcConnect,27,0,2,0,11,0,5,0,4,0
hertzbeat-collector,org.dromara.hertzbeat.collector.collect.common.cache,MongodbConnect,27,0,2,0,11,0,5,0,4,0
hertzbeat-collector,org.dromara.hertzbeat.collector.collect.common.cache,CommonCache.SingleInstance,0,5,0,0,0,1,0,1,0,1
hertzbeat-collector,org.dromara.hertzbeat.collector.collect.database,JdbcCommonCollect,616,0,72,0,156,0,49,0,9,0
hertzbeat-collector,org.dromara.hertzbeat.collector.collect.database,JdbcSpiLoader,40,0,0,0,14,0,3,0,3,0
hertzbeat-collector,org.dromara.hertzbeat.collector.collect.common.ssh,CommonSshClient,48,0,0,0,16,0,3,0,3,0
hertzbeat-collector,org.dromara.hertzbeat.collector.collect.websocket,WebsocketCollectImpl,345,0,22,0,92,0,19,0,8,0
hertzbeat-collector,org.dromara.hertzbeat.collector.collect.strategy,CollectStrategyFactory,36,0,2,0,8,0,5,0,4,0
hertzbeat-collector,org.dromara.hertzbeat.collector.dispatch.export,NettyDataQueue,24,0,0,0,11,0,8,0,8,0
hertzbeat-collector,org.dromara.hertzbeat.collector.dispatch.entrance,CollectServer,154,0,10,0,34,0,12,0,7,0
hertzbeat-collector,org.dromara.hertzbeat.collector.dispatch.entrance,CollectServer.CollectNettyEventListener,114,0,2,0,40,0,6,0,5,0
hertzbeat-collector,org.dromara.hertzbeat.collector.collect.common.http,CommonHttpClient,15,114,1,1,7,35,2,3,1,3
hertzbeat-collector,org.dromara.hertzbeat.collector.collect.common.http,CommonHttpClient.new X509TrustManager() {...},42,3,10,0,9,1,8,1,3,1
hertzbeat-collector,org.dromara.hertzbeat.collector.dispatch,DispatchProperties.ExportProperties.KafkaProperties,30,0,0,0,12,0,7,0,7,0
hertzbeat-collector,org.dromara.hertzbeat.collector.dispatch,MetricsCollect,1384,0,166,0,214,0,129,0,46,0
hertzbeat-collector,org.dromara.hertzbeat.collector.dispatch,DispatchProperties.EntranceProperties,10,0,0,0,4,0,3,0,3,0
hertzbeat-collector,org.dromara.hertzbeat.collector.dispatch,MetricsCollectorQueue,26,0,0,0,7,0,4,0,4,0
hertzbeat-collector,org.dromara.hertzbeat.collector.dispatch,DispatchProperties.EntranceProperties.NettyProperties,44,0,0,0,18,0,11,0,11,0
hertzbeat-collector,org.dromara.hertzbeat.collector.dispatch,DispatchProperties,17,0,0,0,7,0,5,0,5,0
hertzbeat-collector,org.dromara.hertzbeat.collector.dispatch,DispatchProperties.ExportProperties,10,0,0,0,4,0,3,0,3,0
hertzbeat-collector,org.dromara.hertzbeat.collector.dispatch,WorkerPool,59,0,2,0,19,0,7,0,6,0
hertzbeat-collector,org.dromara.hertzbeat.collector.dispatch,CommonDispatcher.MetricsTime,155,0,24,0,5,0,23,0,11,0
hertzbeat-collector,org.dromara.hertzbeat.collector.dispatch,CommonDispatcher,916,0,86,0,204,0,57,0,14,0
hertzbeat-collector,org.dromara.hertzbeat.collector.collect,AbstractCollect,0,3,0,0,0,1,0,1,0,1
hertzbeat-collector,org.dromara.hertzbeat.collector.collect.jmx,JmxCollectImpl,469,0,56,0,105,0,37,0,9,0
hertzbeat-collector,org.dromara.hertzbeat.collector.collect.mq,RocketmqSingleCollectImpl,755,0,68,0,187,0,49,0,15,0
hertzbeat-collector,org.dromara.hertzbeat.collector.collect.mq,RocketmqCollectData.ConsumerInfo,241,0,36,0,7,0,35,0,17,0
hertzbeat-collector,org.dromara.hertzbeat.collector.collect.mq,RocketmqCollectData.ClusterBrokerData,343,0,42,0,10,0,44,0,23,0
hertzbeat-collector,org.dromara.hertzbeat.collector.collect.mq,RocketmqCollectData.TopicQueueInfo,191,0,22,0,6,0,26,0,15,0
hertzbeat-collector,org.dromara.hertzbeat.collector.collect.mq,RocketmqCollectData,155,0,30,0,4,0,26,0,11,0
hertzbeat-collector,org.dromara.hertzbeat.collector.collect.nebulagraph,NebulaGraphCollectImpl,412,0,32,0,89,0,24,0,8,0
hertzbeat-collector,org.dromara.hertzbeat.collector.collect.memcached,MemcachedCollectImpl,278,0,24,0,74,0,18,0,6,0
hertzbeat-collector,org.dromara.hertzbeat.collector.collect.udp,UdpCollectImpl,176,0,10,0,48,0,9,0,4,0
hertzbeat-collector,org.dromara.hertzbeat.collector.dispatch.entrance.internal,CollectJobService,194,0,16,0,60,0,19,0,11,0
hertzbeat-collector,org.dromara.hertzbeat.collector.dispatch.entrance.internal,CollectResponseEventListener,1,0,0,0,1,0,1,0,1,0
hertzbeat-collector,org.dromara.hertzbeat.collector.dispatch.entrance.internal,CollectJobService.new CollectResponseEventListener() {...},23,0,2,0,5,0,3,0,2,0
hertzbeat-collector,org.dromara.hertzbeat.collector.collect.icmp,IcmpCollectImpl,142,0,10,0,43,0,9,0,4,0
hertzbeat-collector,org.dromara.hertzbeat.collector.collect.ssh,SshCollectImpl,776,0,83,0,193,0,59,0,16,0
hertzbeat-collector,org.dromara.hertzbeat.collector.collect.pop3,Pop3CollectImpl,279,0,24,0,84,0,20,0,8,0
hertzbeat-collector,org.dromara.hertzbeat.collector,Collector,13,0,0,0,5,0,3,0,3,0
hertzbeat-collector,org.dromara.hertzbeat.collector.collect.redis,RedisCommonCollectImpl,444,136,35,9,102,40,41,10,20,9
hertzbeat-collector,org.dromara.hertzbeat.collector.dispatch.timer,HashedWheelTimer.HashedWheelTimeout,170,0,18,0,50,0,21,0,12,0
hertzbeat-collector,org.dromara.hertzbeat.collector.dispatch.timer,WheelTimerTask,139,0,14,0,35,0,15,0,8,0
hertzbeat-collector,org.dromara.hertzbeat.collector.dispatch.timer,HashedWheelTimer.HashedWheelBucket,219,0,36,0,60,0,24,0,6,0
hertzbeat-collector,org.dromara.hertzbeat.collector.dispatch.timer,HashedWheelTimer,462,0,54,0,112,0,45,0,17,0
hertzbeat-collector,org.dromara.hertzbeat.collector.dispatch.timer,HashedWheelTimer.Worker,258,0,30,0,64,0,21,0,6,0
hertzbeat-collector,org.dromara.hertzbeat.collector.dispatch.timer,TimerDispatcher,249,0,16,0,59,0,22,0,14,0
hertzbeat-collector,org.dromara.hertzbeat.collector.collect.snmp,SnmpCollectImpl,670,0,72,0,162,0,45,0,9,0
hertzbeat-collector,org.dromara.hertzbeat.collector.collect.mongodb,MongodbSingleCollectImpl,401,0,20,0,86,0,18,0,8,0
