GROUP,PACKAGE,CLASS,INSTRUCTION_MISSED,INSTRUCTION_COVERED,BRANCH_MISSED,BRANCH_COVERED,LINE_MISSED,LINE_COVERED,COMPLEXITY_MISSED,COMPLEXITY_COVERED,METHOD_MISSED,METHOD_COVERED
hertzbeat-common,org.dromara.hertzbeat.common.entity.message,CollectRep.MetricsData.new AbstractParser() {...},9,0,0,0,2,0,2,0,2,0
hertzbeat-common,org.dromara.hertzbeat.common.entity.message,CollectRep.MetricsData,1069,0,120,0,284,0,121,0,56,0
hertzbeat-common,org.dromara.hertzbeat.common.entity.message,CollectRep.Code.new Internal.EnumLiteMap() {...},6,0,0,0,2,0,2,0,2,0
hertzbeat-common,org.dromara.hertzbeat.common.entity.message,CollectRep.ValueRow.new AbstractParser() {...},9,0,0,0,2,0,2,0,2,0
hertzbeat-common,org.dromara.hertzbeat.common.entity.message,CollectRep,118,0,0,0,14,0,4,0,4,0
hertzbeat-common,org.dromara.hertzbeat.common.entity.message,ClusterMsg,48,0,0,0,10,0,4,0,4,0
hertzbeat-common,org.dromara.hertzbeat.common.entity.message,ClusterMsg.Direction.new Internal.EnumLiteMap() {...},6,0,0,0,2,0,2,0,2,0
hertzbeat-common,org.dromara.hertzbeat.common.entity.message,CollectRep.MetricsData.Builder,1571,0,170,0,457,0,179,0,94,0
hertzbeat-common,org.dromara.hertzbeat.common.entity.message,CollectRep.Field.new AbstractParser() {...},9,0,0,0,2,0,2,0,2,0
hertzbeat-common,org.dromara.hertzbeat.common.entity.message,CollectRep.ValueRow.Builder,328,0,24,0,97,0,44,0,32,0
hertzbeat-common,org.dromara.hertzbeat.common.entity.message,ClusterMsg.Message.new AbstractParser() {...},9,0,0,0,2,0,2,0,2,0
hertzbeat-common,org.dromara.hertzbeat.common.entity.message,ClusterMsg.Message.Builder,465,0,42,0,153,0,63,0,42,0
hertzbeat-common,org.dromara.hertzbeat.common.entity.message,ClusterMsg.MessageType,168,0,18,0,42,0,23,0,10,0
hertzbeat-common,org.dromara.hertzbeat.common.entity.message,CollectRep.Field.Builder,405,0,34,0,137,0,55,0,38,0
hertzbeat-common,org.dromara.hertzbeat.common.entity.message,ClusterMsg.MessageType.new Internal.EnumLiteMap() {...},6,0,0,0,2,0,2,0,2,0
hertzbeat-common,org.dromara.hertzbeat.common.entity.message,ClusterMsg.Message,604,0,64,0,173,0,76,0,42,0
hertzbeat-common,org.dromara.hertzbeat.common.entity.message,CollectRep.Field,567,0,60,0,168,0,72,0,40,0
hertzbeat-common,org.dromara.hertzbeat.common.entity.message,CollectRep.Code,141,0,15,0,36,0,20,0,10,0
hertzbeat-common,org.dromara.hertzbeat.common.entity.message,CollectRep.ValueRow,420,0,37,0,117,0,57,0,38,0
hertzbeat-common,org.dromara.hertzbeat.common.entity.message,ClusterMsg.Direction,105,0,11,0,28,0,16,0,10,0
hertzbeat-common,org.dromara.hertzbeat.common.config,AviatorConfiguration,0,66,0,0,0,14,0,3,0,3
hertzbeat-common,org.dromara.hertzbeat.common.config,CommonProperties.QueueType,27,0,0,0,5,0,1,0,1,0
hertzbeat-common,org.dromara.hertzbeat.common.config,AviatorConfiguration.new AbstractFunction() {...},40,6,4,0,10,1,4,1,2,1
hertzbeat-common,org.dromara.hertzbeat.common.config,AviatorConfiguration.StrEqualFunction,4,29,4,4,2,8,4,2,0,2
hertzbeat-common,org.dromara.hertzbeat.common.config,AviatorConfiguration.StrMatchesFunction,4,33,4,4,2,9,4,2,0,2
hertzbeat-common,org.dromara.hertzbeat.common.config,CommonProperties.DataQueueProperties,20,0,0,0,8,0,5,0,5,0
hertzbeat-common,org.dromara.hertzbeat.common.config,AviatorConfiguration.StrContainsFunction,4,29,4,4,2,8,4,2,0,2
hertzbeat-common,org.dromara.hertzbeat.common.config,CommonConfig,11,0,4,0,4,0,3,0,1,0
hertzbeat-common,org.dromara.hertzbeat.common.config,CommonProperties.TencentSmsProperties,38,0,0,0,16,0,11,0,11,0
hertzbeat-common,org.dromara.hertzbeat.common.config,CommonProperties.SmsProperties,10,0,0,0,4,0,3,0,3,0
hertzbeat-common,org.dromara.hertzbeat.common.config,CommonProperties.KafkaProperties,24,0,0,0,10,0,7,0,7,0
hertzbeat-common,org.dromara.hertzbeat.common.config,CommonProperties,24,0,0,0,10,0,7,0,7,0
hertzbeat-common,org.dromara.hertzbeat.common.config,AviatorConfiguration.ObjectExistsFunction,2,20,1,3,1,7,1,3,0,2
hertzbeat-common,org.dromara.hertzbeat.common.entity.alerter,AlertDefine.AlertDefineBuilder,153,0,0,0,1,0,19,0,19,0
hertzbeat-common,org.dromara.hertzbeat.common.entity.alerter,AlertDefineMonitorBind,300,0,54,0,10,0,46,0,19,0
hertzbeat-common,org.dromara.hertzbeat.common.entity.alerter,JsonMapAttributeConverter.new TypeReference() {...},6,0,0,0,1,0,1,0,1,0
hertzbeat-common,org.dromara.hertzbeat.common.entity.alerter,AlertDefine,314,0,18,0,31,0,47,0,38,0
hertzbeat-common,org.dromara.hertzbeat.common.entity.alerter,AlertConverge,501,0,86,0,17,0,72,0,29,0
hertzbeat-common,org.dromara.hertzbeat.common.entity.alerter,AlertConverge.AlertConvergeBuilder,108,0,0,0,1,0,14,0,14,0
hertzbeat-common,org.dromara.hertzbeat.common.entity.alerter,AlertSilence,673,0,118,0,21,0,96,0,37,0
hertzbeat-common,org.dromara.hertzbeat.common.entity.alerter,AlertSilence.AlertSilenceBuilder,144,0,0,0,1,0,18,0,18,0
hertzbeat-common,org.dromara.hertzbeat.common.entity.alerter,Alert,659,0,114,0,20,0,95,0,38,0
hertzbeat-common,org.dromara.hertzbeat.common.entity.alerter,Alert.AlertBuilder,144,0,0,0,1,0,18,0,18,0
hertzbeat-common,org.dromara.hertzbeat.common.entity.alerter,JsonMapAttributeConverter,16,0,0,0,4,0,3,0,3,0
hertzbeat-common,org.dromara.hertzbeat.common.entity.alerter,AlertDefineMonitorBind.AlertDefineMonitorBindBuilder,63,0,0,0,1,0,9,0,9,0
hertzbeat-common,org.dromara.hertzbeat.common.entity.warehouse,History.HistoryBuilder,108,0,0,0,1,0,14,0,14,0
hertzbeat-common,org.dromara.hertzbeat.common.entity.warehouse,History,515,0,94,0,15,0,76,0,29,0
hertzbeat-common,org.dromara.hertzbeat.common.queue.impl,KafkaCommonDataQueue,587,0,46,0,138,0,33,0,10,0
hertzbeat-common,org.dromara.hertzbeat.common.queue.impl,InMemoryCommonDataQueue,129,0,0,0,28,0,10,0,10,0
hertzbeat-common,org.dromara.hertzbeat.common.service,TencentSmsClient,124,0,8,0,30,0,9,0,5,0
hertzbeat-common,org.dromara.hertzbeat.common.support.valid,PhoneNumParamValidator,6,0,0,0,2,0,2,0,2,0
hertzbeat-common,org.dromara.hertzbeat.common.support.valid,EmailParamValidator,6,0,0,0,2,0,2,0,2,0
hertzbeat-common,org.dromara.hertzbeat.common.support.valid,HostParamValidator,30,0,8,0,6,0,6,0,2,0
hertzbeat-common,org.dromara.hertzbeat.common.cache,CaffeineCacheServiceImpl,12,60,1,1,6,20,1,6,0,6
hertzbeat-common,org.dromara.hertzbeat.common.cache,CacheFactory,34,0,0,0,9,0,4,0,4,0
hertzbeat-common,org.dromara.hertzbeat.common.support,ResourceBundleUtf8Control,128,0,18,0,41,0,13,0,4,0
hertzbeat-common,org.dromara.hertzbeat.common.support,CommonThreadPool,59,0,2,0,19,0,7,0,6,0
hertzbeat-common,org.dromara.hertzbeat.common.support,SpringContextHolder,51,0,8,0,22,0,13,0,9,0
hertzbeat-common,org.dromara.hertzbeat.common.entity.job.protocol,SshProtocol.SshProtocolBuilder,90,0,0,0,1,0,12,0,12,0
hertzbeat-common,org.dromara.hertzbeat.common.entity.job.protocol,JmxProtocol.JmxProtocolBuilder,72,0,0,0,1,0,10,0,10,0
hertzbeat-common,org.dromara.hertzbeat.common.entity.job.protocol,SnmpProtocol.SnmpProtocolBuilder,99,0,0,0,1,0,13,0,13,0
hertzbeat-common,org.dromara.hertzbeat.common.entity.job.protocol,PrometheusProtocol.Authorization,296,0,54,0,9,0,45,0,18,0
hertzbeat-common,org.dromara.hertzbeat.common.entity.job.protocol,HttpProtocol.HttpProtocolBuilder,135,0,0,0,1,0,17,0,17,0
hertzbeat-common,org.dromara.hertzbeat.common.entity.job.protocol,MemcachedProtocol,128,0,22,0,6,0,22,0,11,0
hertzbeat-common,org.dromara.hertzbeat.common.entity.job.protocol,UdpProtocol.UdpProtocolBuilder,45,0,0,0,1,0,7,0,7,0
hertzbeat-common,org.dromara.hertzbeat.common.entity.job.protocol,RocketmqProtocol.RocketmqProtocolBuilder,54,0,0,0,1,0,8,0,8,0
hertzbeat-common,org.dromara.hertzbeat.common.entity.job.protocol,UdpProtocol,214,0,38,0,8,0,34,0,15,0
hertzbeat-common,org.dromara.hertzbeat.common.entity.job.protocol,SmtpProtocol,257,0,46,0,9,0,40,0,17,0
hertzbeat-common,org.dromara.hertzbeat.common.entity.job.protocol,TelnetProtocol,214,0,38,0,8,0,34,0,15,0
hertzbeat-common,org.dromara.hertzbeat.common.entity.job.protocol,NginxProtocol.NginxProtocolBuilder,45,0,0,0,1,0,7,0,7,0
hertzbeat-common,org.dromara.hertzbeat.common.entity.job.protocol,Pop3Protocol,340,0,54,0,11,0,47,0,20,0
hertzbeat-common,org.dromara.hertzbeat.common.entity.job.protocol,TelnetProtocol.TelnetProtocolBuilder,45,0,0,0,1,0,7,0,7,0
hertzbeat-common,org.dromara.hertzbeat.common.entity.job.protocol,WebsocketProtocol.WebsocketProtocolBuilder,27,0,0,0,1,0,5,0,5,0
hertzbeat-common,org.dromara.hertzbeat.common.entity.job.protocol,JdbcProtocol.JdbcProtocolBuilder,99,0,0,0,1,0,13,0,13,0
hertzbeat-common,org.dromara.hertzbeat.common.entity.job.protocol,NebulaGraphProtocol.NebulaGraphProtocolBuilder,54,0,0,0,1,0,8,0,8,0
hertzbeat-common,org.dromara.hertzbeat.common.entity.job.protocol,HttpProtocol.Authorization,296,0,54,0,9,0,45,0,18,0
hertzbeat-common,org.dromara.hertzbeat.common.entity.job.protocol,NebulaGraphProtocol,257,0,46,0,9,0,40,0,17,0
hertzbeat-common,org.dromara.hertzbeat.common.entity.job.protocol,FtpProtocol,300,0,54,0,10,0,46,0,19,0
hertzbeat-common,org.dromara.hertzbeat.common.entity.job.protocol,HttpProtocol,650,0,118,0,18,0,94,0,35,0
hertzbeat-common,org.dromara.hertzbeat.common.entity.job.protocol,RedisProtocol,300,0,54,0,10,0,46,0,19,0
hertzbeat-common,org.dromara.hertzbeat.common.entity.job.protocol,SnmpProtocol,478,0,86,0,14,0,70,0,27,0
hertzbeat-common,org.dromara.hertzbeat.common.entity.job.protocol,JdbcProtocol,472,0,86,0,14,0,70,0,27,0
hertzbeat-common,org.dromara.hertzbeat.common.entity.job.protocol,WebsocketProtocol,128,0,22,0,6,0,22,0,11,0
hertzbeat-common,org.dromara.hertzbeat.common.entity.job.protocol,MongodbProtocol,343,0,62,0,11,0,52,0,21,0
hertzbeat-common,org.dromara.hertzbeat.common.entity.job.protocol,SshProtocol,435,0,78,0,13,0,64,0,25,0
hertzbeat-common,org.dromara.hertzbeat.common.entity.job.protocol,IcmpProtocol.IcmpProtocolBuilder,27,0,0,0,1,0,5,0,5,0
hertzbeat-common,org.dromara.hertzbeat.common.entity.job.protocol,NginxProtocol,233,0,38,0,9,0,35,0,16,0
hertzbeat-common,org.dromara.hertzbeat.common.entity.job.protocol,SmtpProtocol.SmtpProtocolBuilder,54,0,0,0,1,0,8,0,8,0
hertzbeat-common,org.dromara.hertzbeat.common.entity.job.protocol,NtpProtocol.NtpProtocolBuilder,36,0,0,0,1,0,6,0,6,0
hertzbeat-common,org.dromara.hertzbeat.common.entity.job.protocol,RocketmqProtocol,257,0,46,0,9,0,40,0,17,0
hertzbeat-common,org.dromara.hertzbeat.common.entity.job.protocol,DnsProtocol,286,0,46,0,10,0,41,0,18,0
hertzbeat-common,org.dromara.hertzbeat.common.entity.job.protocol,FtpProtocol.FtpProtocolBuilder,63,0,0,0,1,0,9,0,9,0
hertzbeat-common,org.dromara.hertzbeat.common.entity.job.protocol,PushProtocol.PushProtocolBuilder,45,0,0,0,1,0,7,0,7,0
hertzbeat-common,org.dromara.hertzbeat.common.entity.job.protocol,RedisProtocol.RedisProtocolBuilder,63,0,0,0,1,0,9,0,9,0
hertzbeat-common,org.dromara.hertzbeat.common.entity.job.protocol,PrometheusProtocol,478,0,86,0,14,0,70,0,27,0
hertzbeat-common,org.dromara.hertzbeat.common.entity.job.protocol,IcmpProtocol,128,0,22,0,6,0,22,0,11,0
hertzbeat-common,org.dromara.hertzbeat.common.entity.job.protocol,MongodbProtocol.MongodbProtocolBuilder,72,0,0,0,1,0,10,0,10,0
hertzbeat-common,org.dromara.hertzbeat.common.entity.job.protocol,NtpProtocol,171,0,30,0,7,0,28,0,13,0
hertzbeat-common,org.dromara.hertzbeat.common.entity.job.protocol,Pop3Protocol.Pop3ProtocolBuilder,63,0,0,0,1,0,9,0,9,0
hertzbeat-common,org.dromara.hertzbeat.common.entity.job.protocol,DnsProtocol.DnsProtocolBuilder,54,0,0,0,1,0,8,0,8,0
hertzbeat-common,org.dromara.hertzbeat.common.entity.job.protocol,PushProtocol,220,0,38,0,8,0,34,0,15,0
hertzbeat-common,org.dromara.hertzbeat.common.entity.job.protocol,JmxProtocol,349,0,62,0,11,0,52,0,21,0
hertzbeat-common,org.dromara.hertzbeat.common.entity.job.protocol,PrometheusProtocol.PrometheusProtocolBuilder,99,0,0,0,1,0,13,0,13,0
hertzbeat-common,org.dromara.hertzbeat.common.entity.job.protocol,MemcachedProtocol.MemcachedProtocolBuilder,27,0,0,0,1,0,5,0,5,0
hertzbeat-common,org.dromara.hertzbeat.common.serialize,AlertSerializer,25,0,2,0,9,0,6,0,5,0
hertzbeat-common,org.dromara.hertzbeat.common.serialize,KafkaMetricsDataSerializer,20,0,0,0,7,0,5,0,5,0
hertzbeat-common,org.dromara.hertzbeat.common.serialize,KafkaMetricsDataDeserializer,27,0,0,0,9,0,5,0,5,0
hertzbeat-common,org.dromara.hertzbeat.common.serialize,AlertDeserializer,26,0,0,0,7,0,5,0,5,0
hertzbeat-common,org.dromara.hertzbeat.common.support.event,SystemConfigChangeEvent,4,0,0,0,2,0,1,0,1,0
hertzbeat-common,org.dromara.hertzbeat.common.support.event,MonitorDeletedEvent,10,0,0,0,4,0,2,0,2,0
hertzbeat-common,org.dromara.hertzbeat.common.entity.job,Metrics.Field,275,0,40,0,10,0,39,0,19,0
hertzbeat-common,org.dromara.hertzbeat.common.entity.job,Job,894,0,122,0,72,0,113,0,52,0
hertzbeat-common,org.dromara.hertzbeat.common.entity.job,Configmap,160,0,24,0,7,0,25,0,13,0
hertzbeat-common,org.dromara.hertzbeat.common.entity.job,Metrics,540,0,20,0,62,0,87,0,77,0
hertzbeat-common,org.dromara.hertzbeat.common.entity.job,Configmap.ConfigmapBuilder,36,0,0,0,1,0,6,0,6,0
hertzbeat-common,org.dromara.hertzbeat.common.entity.job,Job.JobBuilder,171,0,0,0,1,0,21,0,21,0
hertzbeat-common,org.dromara.hertzbeat.common.entity.job,Metrics.MetricsBuilder,315,0,0,0,1,0,37,0,37,0
hertzbeat-common,org.dromara.hertzbeat.common.entity.job,Metrics.Field.FieldBuilder,63,0,0,0,1,0,9,0,9,0
hertzbeat-common,org.dromara.hertzbeat.common.entity.dto,PromVectorOrMatrix.Result,170,0,30,0,7,0,27,0,12,0
hertzbeat-common,org.dromara.hertzbeat.common.entity.dto,MetricsData,300,0,54,0,10,0,46,0,19,0
hertzbeat-common,org.dromara.hertzbeat.common.entity.dto,PromVectorOrMatrix.Data,126,0,22,0,6,0,21,0,10,0
hertzbeat-common,org.dromara.hertzbeat.common.entity.dto,CollectorInfo.CollectorInfoBuilder,36,0,0,0,1,0,6,0,6,0
hertzbeat-common,org.dromara.hertzbeat.common.entity.dto,Field.FieldBuilder,45,0,0,0,1,0,7,0,7,0
hertzbeat-common,org.dromara.hertzbeat.common.entity.dto,CollectorInfo,177,0,30,0,8,0,28,0,13,0
hertzbeat-common,org.dromara.hertzbeat.common.entity.dto,Value.ValueBuilder,63,0,0,0,1,0,9,0,9,0
hertzbeat-common,org.dromara.hertzbeat.common.entity.dto,ValueRow.ValueRowBuilder,27,0,0,0,1,0,5,0,5,0
hertzbeat-common,org.dromara.hertzbeat.common.entity.dto,AlertReport.AlertReportBuilder,90,0,0,0,1,0,12,0,12,0
hertzbeat-common,org.dromara.hertzbeat.common.entity.dto,CollectorSummary.CollectorSummaryBuilder,36,0,0,0,1,0,6,0,6,0
hertzbeat-common,org.dromara.hertzbeat.common.entity.dto,MetricsHistoryData,257,0,46,0,9,0,40,0,17,0
hertzbeat-common,org.dromara.hertzbeat.common.entity.dto,Value,316,0,54,0,17,0,48,0,21,0
hertzbeat-common,org.dromara.hertzbeat.common.entity.dto,CollectorSummary,137,0,18,0,7,0,22,0,13,0
hertzbeat-common,org.dromara.hertzbeat.common.entity.dto,Message,196,0,24,0,22,0,31,0,19,0
hertzbeat-common,org.dromara.hertzbeat.common.entity.dto,PromVectorOrMatrix.MetricJsonObjectDeserializer,62,0,6,0,9,0,10,0,7,0
hertzbeat-common,org.dromara.hertzbeat.common.entity.dto,ValueRow,128,0,22,0,6,0,22,0,11,0
hertzbeat-common,org.dromara.hertzbeat.common.entity.dto,PromVectorOrMatrix,126,0,22,0,6,0,21,0,10,0
hertzbeat-common,org.dromara.hertzbeat.common.entity.dto,AlertReport,420,0,72,0,13,0,61,0,25,0
hertzbeat-common,org.dromara.hertzbeat.common.entity.dto,MetricsData.MetricsDataBuilder,63,0,0,0,1,0,9,0,9,0
hertzbeat-common,org.dromara.hertzbeat.common.entity.dto,MetricsHistoryData.MetricsHistoryDataBuilder,54,0,0,0,1,0,8,0,8,0
hertzbeat-common,org.dromara.hertzbeat.common.entity.dto,Field,214,0,38,0,8,0,34,0,15,0
hertzbeat-common,org.dromara.hertzbeat.common.entity.push,PushMetricsDto.Metrics,162,0,24,0,7,0,25,0,13,0
hertzbeat-common,org.dromara.hertzbeat.common.entity.push,PushMetrics.PushMetricsBuilder,45,0,0,0,1,0,7,0,7,0
hertzbeat-common,org.dromara.hertzbeat.common.entity.push,PushMetricsDto,90,0,14,0,7,0,16,0,9,0
hertzbeat-common,org.dromara.hertzbeat.common.entity.push,PushMetricsDto.PushMetricsDtoBuilder,18,0,0,0,1,0,4,0,4,0
hertzbeat-common,org.dromara.hertzbeat.common.entity.push,PushMetrics,214,0,38,0,8,0,34,0,15,0
hertzbeat-common,org.dromara.hertzbeat.common.entity.push,PushMetricsDto.Metrics.MetricsBuilder,36,0,0,0,1,0,6,0,6,0
hertzbeat-common,org.dromara.hertzbeat.common.support.exception,SendMessageException,4,0,0,0,2,0,1,0,1,0
hertzbeat-common,org.dromara.hertzbeat.common.support.exception,CommonException,4,0,0,0,2,0,1,0,1,0
hertzbeat-common,org.dromara.hertzbeat.common.entity.manager,CollectorMonitorBind.CollectorMonitorBindBuilder,72,0,0,0,1,0,10,0,10,0
hertzbeat-common,org.dromara.hertzbeat.common.entity.manager,Monitor.MonitorBuilder,126,0,0,0,1,0,16,0,16,0
hertzbeat-common,org.dromara.hertzbeat.common.entity.manager,JsonOptionListAttributeConverter.new TypeReference() {...},6,0,0,0,1,0,1,0,1,0
hertzbeat-common,org.dromara.hertzbeat.common.entity.manager,NoticeTemplate.NoticeTemplateBuilder,90,0,0,0,1,0,12,0,12,0
hertzbeat-common,org.dromara.hertzbeat.common.entity.manager,TagMonitorBind,257,0,46,0,9,0,40,0,17,0
hertzbeat-common,org.dromara.hertzbeat.common.entity.manager,JsonTagListAttributeConverter.new TypeReference() {...},6,0,0,0,1,0,1,0,1,0
hertzbeat-common,org.dromara.hertzbeat.common.entity.manager,Collector.CollectorBuilder,90,0,0,0,1,0,12,0,12,0
hertzbeat-common,org.dromara.hertzbeat.common.entity.manager,JsonTagListAttributeConverter.new TypeReference() {...},6,0,0,0,1,0,1,0,1,0
hertzbeat-common,org.dromara.hertzbeat.common.entity.manager,JsonOptionListAttributeConverter,16,0,0,0,4,0,3,0,3,0
hertzbeat-common,org.dromara.hertzbeat.common.entity.manager,NoticeRule,759,0,134,0,23,0,108,0,41,0
hertzbeat-common,org.dromara.hertzbeat.common.entity.manager,JsonByteListAttributeConverter,16,0,0,0,4,0,3,0,3,0
hertzbeat-common,org.dromara.hertzbeat.common.entity.manager,NoticeTemplate,422,0,74,0,14,0,62,0,25,0
hertzbeat-common,org.dromara.hertzbeat.common.entity.manager,NoticeReceiver,1160,0,214,0,30,0,166,0,59,0
hertzbeat-common,org.dromara.hertzbeat.common.entity.manager,ParamDefine.ParamDefineBuilder,171,0,0,0,1,0,21,0,21,0
hertzbeat-common,org.dromara.hertzbeat.common.entity.manager,Monitor,584,0,104,0,17,0,85,0,33,0
hertzbeat-common,org.dromara.hertzbeat.common.entity.manager,CollectorMonitorBind,343,0,62,0,11,0,52,0,21,0
hertzbeat-common,org.dromara.hertzbeat.common.entity.manager,Param,326,0,56,0,11,0,49,0,21,0
hertzbeat-common,org.dromara.hertzbeat.common.entity.manager,NoticeReceiver.NoticeReceiverBuilder,243,0,0,0,1,0,29,0,29,0
hertzbeat-common,org.dromara.hertzbeat.common.entity.manager,GeneralConfig,300,0,54,0,10,0,46,0,19,0
hertzbeat-common,org.dromara.hertzbeat.common.entity.manager,ParamDefine.Option,115,0,20,0,5,0,19,0,9,0
hertzbeat-common,org.dromara.hertzbeat.common.entity.manager,TagItem,124,0,22,0,5,0,21,0,10,0
hertzbeat-common,org.dromara.hertzbeat.common.entity.manager,GeneralConfig.GeneralConfigBuilder,63,0,0,0,1,0,9,0,9,0
hertzbeat-common,org.dromara.hertzbeat.common.entity.manager,ParamDefine,802,0,142,0,24,0,114,0,43,0
hertzbeat-common,org.dromara.hertzbeat.common.entity.manager,JsonByteListAttributeConverter.new TypeReference() {...},6,0,0,0,1,0,1,0,1,0
hertzbeat-common,org.dromara.hertzbeat.common.entity.manager,Tag.TagBuilder,90,0,0,0,1,0,12,0,12,0
hertzbeat-common,org.dromara.hertzbeat.common.entity.manager,JsonTagListAttributeConverter,50,0,2,0,10,0,5,0,4,0
hertzbeat-common,org.dromara.hertzbeat.common.entity.manager,NoticeRule.NoticeRuleBuilder,162,0,0,0,1,0,20,0,20,0
hertzbeat-common,org.dromara.hertzbeat.common.entity.manager,Collector,412,0,72,0,13,0,61,0,25,0
hertzbeat-common,org.dromara.hertzbeat.common.entity.manager,Param.ParamBuilder,72,0,0,0,1,0,10,0,10,0
hertzbeat-common,org.dromara.hertzbeat.common.entity.manager,Tag,179,0,14,0,22,0,31,0,24,0
hertzbeat-common,org.dromara.hertzbeat.common.entity.manager,TagMonitorBind.TagMonitorBindBuilder,54,0,0,0,1,0,8,0,8,0
hertzbeat-common,org.dromara.hertzbeat.common.util,AesUtil,178,0,4,0,42,0,10,0,8,0
hertzbeat-common,org.dromara.hertzbeat.common.util,MapCapUtil,11,0,0,0,2,0,2,0,2,0
hertzbeat-common,org.dromara.hertzbeat.common.util,CommonUtil,150,64,37,7,48,14,28,5,7,4
hertzbeat-common,org.dromara.hertzbeat.common.util,ResourceBundleUtil,71,0,6,0,21,0,6,0,3,0
hertzbeat-common,org.dromara.hertzbeat.common.util,StrBuffer,200,0,30,0,41,0,27,0,12,0
hertzbeat-common,org.dromara.hertzbeat.common.util,Pair,25,0,0,0,9,0,5,0,5,0
hertzbeat-common,org.dromara.hertzbeat.common.util,SnowFlakeIdWorker,48,93,5,7,10,24,4,8,1,5
hertzbeat-common,org.dromara.hertzbeat.common.util,LruHashMap,18,0,2,0,4,0,3,0,2,0
hertzbeat-common,org.dromara.hertzbeat.common.util,ProtoJsonUtil,38,0,0,0,13,0,4,0,4,0
hertzbeat-common,org.dromara.hertzbeat.common.util,SnowFlakeIdGenerator,3,8,0,0,1,3,1,2,1,2
hertzbeat-common,org.dromara.hertzbeat.common.util,NetworkUtil,33,0,8,0,11,0,8,0,4,0
hertzbeat-common,org.dromara.hertzbeat.common.util,IpDomainUtil,34,82,12,16,16,23,14,7,3,4
hertzbeat-common,org.dromara.hertzbeat.common.util,IntervalExpressionUtil,215,0,42,0,38,0,24,0,3,0
hertzbeat-common,org.dromara.hertzbeat.common.util,JsonUtil,92,0,8,0,32,0,10,0,6,0
hertzbeat-common,org.dromara.hertzbeat.common.util,Base64Util,14,0,2,0,4,0,3,0,2,0
hertzbeat-common,org.dromara.hertzbeat.common.util,TimePeriodUtil,19,0,2,0,4,0,3,0,2,0
